SF:lib\bloc\photo_bloc.dart
DA:13,10
DA:17,9
DA:18,6
DA:21,2
DA:22,8
DA:23,6
DA:24,2
DA:25,10
DA:26,1
DA:27,4
DA:30,1
DA:32,1
DA:34,1
DA:35,3
DA:36,1
DA:39,2
DA:41,4
DA:42,6
LF:18
LH:18
end_of_record
SF:lib\bloc\photo_state.dart
DA:9,4
LF:1
LH:1
end_of_record
SF:lib\domain\entity\error.dart
DA:7,23
DA:9,2
DA:11,2
DA:12,2
DA:18,2
DA:20,3
DA:21,6
LF:7
LH:7
end_of_record
SF:lib\domain\entity\image.dart
DA:6,6
DA:7,2
DA:8,4
LF:3
LH:3
end_of_record
SF:lib\infrastruture\photo_model.dart
DA:4,6
DA:6,2
DA:7,2
DA:9,1
DA:10,2
DA:13,1
DA:14,2
LF:7
LH:7
end_of_record
SF:lib\infrastruture\repo.dart
DA:14,2
DA:16,2
DA:18,4
DA:19,2
DA:20,3
DA:21,0
DA:22,1
DA:23,2
DA:24,2
LF:9
LH:8
end_of_record
SF:lib\main.dart
DA:11,0
DA:12,0
DA:13,0
DA:14,0
DA:16,0
DA:20,10
DA:21,1
DA:23,1
DA:24,4
DA:25,1
DA:26,3
DA:27,1
DA:28,1
DA:30,1
LF:14
LH:9
end_of_record
SF:lib\view\home.dart
DA:6,10
DA:8,2
DA:9,2
DA:13,2
DA:15,2
DA:16,2
DA:17,2
DA:21,2
DA:23,0
DA:24,0
DA:25,0
DA:27,2
DA:28,2
DA:29,6
DA:33,4
DA:34,2
DA:35,6
DA:39,2
DA:40,4
DA:41,0
DA:44,0
DA:45,0
DA:46,0
DA:47,0
DA:48,0
DA:49,0
DA:51,0
LF:27
LH:16
end_of_record
